<?xml version="1.0" encoding="UTF-8"?>
<!-- Generated by org.testng.reporters.JUnitReportReporter -->
<testsuite hostname="NASHI" failures="0" tests="1" name="TestCases.VerifyLoginTestCase" time="15.704" errors="0" timestamp="2023-01-29T14:52:48 IST" skipped="0">
  <testcase classname="TestCases.VerifyLoginTestCase" name="login" time="15.704"/>
  <system-out/>
</testsuite> <!-- TestCases.VerifyLoginTestCase -->
